# JRE version: OpenJDK Runtime Environment Temurin-21.0.8+9 (21.0.8+9) (build 21.0.8+9-LTS)
# Java VM: OpenJDK 64-Bit Server VM Temurin-21.0.8+9 (21.0.8+9-LTS, mixed mode, sharing, tiered, compressed oops, compressed class ptrs, parallel gc, windows-amd64)
GC Precious Log:
 CardTable entry size: 512
 CPUs: 8 total, 8 available
 Memory: 7975M
 Large Page Support: Disabled
 NUMA Support: Disabled
 Compressed Oops: Enabled (32-bit)
 Alignments: Space 512K, Generation 512K, Heap 2M
 Heap Min Capacity: 100M
 Heap Initial Capacity: 100M
 Heap Max Capacity: 2G
 Pre-touch: Disabled
 Parallel Workers: 8
Heap:
 PSYoungGen      total 14848K, used 1004K [0x00000000d5580000, 0x00000000d7180000, 0x0000000100000000)
  eden space 13824K, 3% used [0x00000000d5580000,0x00000000d55f3018,0x00000000d6300000)
  from space 1024K, 53% used [0x00000000d7080000,0x00000000d7108020,0x00000000d7180000)
  to   space 5632K, 0% used [0x00000000d6680000,0x00000000d6680000,0x00000000d6c00000)
 ParOldGen       total 823296K, used 627549K [0x0000000080000000, 0x00000000b2400000, 0x00000000d5580000)
  object space 823296K, 76% used [0x0000000080000000,0x00000000a64d7718,0x00000000b2400000)
 Metaspace       used 78303K, committed 79936K, reserved 1179648K
  class space    used 7938K, committed 8640K, reserved 1048576K
GC Heap History (20 events):
Event: 8725.226 GC heap before
{Heap before GC invocations=2895 (full 4):
 PSYoungGen      total 4608K, used 4334K [0x00000000d5580000, 0x00000000d5d80000, 0x0000000100000000)
  eden space 3072K, 100% used [0x00000000d5580000,0x00000000d5880000,0x00000000d5880000)
  from space 1536K, 82% used [0x00000000d5c00000,0x00000000d5d3b900,0x00000000d5d80000)
  to   space 2048K, 0% used [0x00000000d5980000,0x00000000d5980000,0x00000000d5b80000)
 ParOldGen       total 823296K, used 558689K [0x0000000080000000, 0x00000000b2400000, 0x00000000d5580000)
  object space 823296K, 67% used [0x0000000080000000,0x00000000a2198430,0x00000000b2400000)
 Metaspace       used 78150K, committed 79808K, reserved 1179648K
  class space    used 7921K, committed 8640K, reserved 1048576K
}
Event: 8725.233 GC heap after
{Heap after GC invocations=2895 (full 4):
 PSYoungGen      total 6144K, used 2048K [0x00000000d5580000, 0x00000000d6380000, 0x0000000100000000)
  eden space 4096K, 0% used [0x00000000d5580000,0x00000000d5580000,0x00000000d5980000)
  from space 2048K, 100% used [0x00000000d5980000,0x00000000d5b80000,0x00000000d5b80000)
  to   space 5120K, 0% used [0x00000000d5e80000,0x00000000d5e80000,0x00000000d6380000)
 ParOldGen       total 823296K, used 560823K [0x0000000080000000, 0x00000000b2400000, 0x00000000d5580000)
  object space 823296K, 68% used [0x0000000080000000,0x00000000a23aded0,0x00000000b2400000)
 Metaspace       used 78150K, committed 79808K, reserved 1179648K
  class space    used 7921K, committed 8640K, reserved 1048576K
}
Event: 8725.249 GC heap before
{Heap before GC invocations=2896 (full 4):
 PSYoungGen      total 6144K, used 6144K [0x00000000d5580000, 0x00000000d6380000, 0x0000000100000000)
  eden space 4096K, 100% used [0x00000000d5580000,0x00000000d5980000,0x00000000d5980000)
  from space 2048K, 100% used [0x00000000d5980000,0x00000000d5b80000,0x00000000d5b80000)
  to   space 5120K, 0% used [0x00000000d5e80000,0x00000000d5e80000,0x00000000d6380000)
 ParOldGen       total 823296K, used 560823K [0x0000000080000000, 0x00000000b2400000, 0x00000000d5580000)
  object space 823296K, 68% used [0x0000000080000000,0x00000000a23aded0,0x00000000b2400000)
 Metaspace       used 78156K, committed 79808K, reserved 1179648K
  class space    used 7922K, committed 8640K, reserved 1048576K
}
Event: 8725.257 GC heap after
{Heap after GC invocations=2896 (full 4):
 PSYoungGen      total 9728K, used 4128K [0x00000000d5580000, 0x00000000d6380000, 0x0000000100000000)
  eden space 4608K, 0% used [0x00000000d5580000,0x00000000d5580000,0x00000000d5a00000)
  from space 5120K, 80% used [0x00000000d5e80000,0x00000000d6288000,0x00000000d6380000)
  to   space 4608K, 0% used [0x00000000d5a00000,0x00000000d5a00000,0x00000000d5e80000)
 ParOldGen       total 823296K, used 562935K [0x0000000080000000, 0x00000000b2400000, 0x00000000d5580000)
  object space 823296K, 68% used [0x0000000080000000,0x00000000a25bded0,0x00000000b2400000)
 Metaspace       used 78156K, committed 79808K, reserved 1179648K
  class space    used 7922K, committed 8640K, reserved 1048576K
}
Event: 8725.279 GC heap before
{Heap before GC invocations=2897 (full 4):
 PSYoungGen      total 9728K, used 8736K [0x00000000d5580000, 0x00000000d6380000, 0x0000000100000000)
  eden space 4608K, 100% used [0x00000000d5580000,0x00000000d5a00000,0x00000000d5a00000)
  from space 5120K, 80% used [0x00000000d5e80000,0x00000000d6288000,0x00000000d6380000)
  to   space 4608K, 0% used [0x00000000d5a00000,0x00000000d5a00000,0x00000000d5e80000)
 ParOldGen       total 823296K, used 562935K [0x0000000080000000, 0x00000000b2400000, 0x00000000d5580000)
  object space 823296K, 68% used [0x0000000080000000,0x00000000a25bded0,0x00000000b2400000)
 Metaspace       used 78163K, committed 79872K, reserved 1179648K
  class space    used 7923K, committed 8640K, reserved 1048576K
}
Event: 8725.293 GC heap after
{Heap after GC invocations=2897 (full 4):
 PSYoungGen      total 9216K, used 4576K [0x00000000d5580000, 0x00000000d6500000, 0x0000000100000000)
  eden space 4608K, 0% used [0x00000000d5580000,0x00000000d5580000,0x00000000d5a00000)
  from space 4608K, 99% used [0x00000000d5a00000,0x00000000d5e78000,0x00000000d5e80000)
  to   space 5120K, 0% used [0x00000000d6000000,0x00000000d6000000,0x00000000d6500000)
 ParOldGen       total 823296K, used 566999K [0x0000000080000000, 0x00000000b2400000, 0x00000000d5580000)
  object space 823296K, 68% used [0x0000000080000000,0x00000000a29b5ed0,0x00000000b2400000)
 Metaspace       used 78163K, committed 79872K, reserved 1179648K
  class space    used 7923K, committed 8640K, reserved 1048576K
}
Event: 8725.307 GC heap before
{Heap before GC invocations=2898 (full 4):
 PSYoungGen      total 9216K, used 9184K [0x00000000d5580000, 0x00000000d6500000, 0x0000000100000000)
  eden space 4608K, 100% used [0x00000000d5580000,0x00000000d5a00000,0x00000000d5a00000)
  from space 4608K, 99% used [0x00000000d5a00000,0x00000000d5e78000,0x00000000d5e80000)
  to   space 5120K, 0% used [0x00000000d6000000,0x00000000d6000000,0x00000000d6500000)
 ParOldGen       total 823296K, used 566999K [0x0000000080000000, 0x00000000b2400000, 0x00000000d5580000)
  object space 823296K, 68% used [0x0000000080000000,0x00000000a29b5ed0,0x00000000b2400000)
 Metaspace       used 78164K, committed 79872K, reserved 1179648K
  class space    used 7923K, committed 8640K, reserved 1048576K
}
Event: 8725.325 GC heap after
{Heap after GC invocations=2898 (full 4):
 PSYoungGen      total 10752K, used 4704K [0x00000000d5580000, 0x00000000d6500000, 0x0000000100000000)
  eden space 5632K, 0% used [0x00000000d5580000,0x00000000d5580000,0x00000000d5b00000)
  from space 5120K, 91% used [0x00000000d6000000,0x00000000d6498000,0x00000000d6500000)
  to   space 5120K, 0% used [0x00000000d5b00000,0x00000000d5b00000,0x00000000d6000000)
 ParOldGen       total 823296K, used 571519K [0x0000000080000000, 0x00000000b2400000, 0x00000000d5580000)
  object space 823296K, 69% used [0x0000000080000000,0x00000000a2e1fed0,0x00000000b2400000)
 Metaspace       used 78164K, committed 79872K, reserved 1179648K
  class space    used 7923K, committed 8640K, reserved 1048576K
}
Event: 8725.359 GC heap before
{Heap before GC invocations=2899 (full 4):
 PSYoungGen      total 10752K, used 10336K [0x00000000d5580000, 0x00000000d6500000, 0x0000000100000000)
  eden space 5632K, 100% used [0x00000000d5580000,0x00000000d5b00000,0x00000000d5b00000)
  from space 5120K, 91% used [0x00000000d6000000,0x00000000d6498000,0x00000000d6500000)
  to   space 5120K, 0% used [0x00000000d5b00000,0x00000000d5b00000,0x00000000d6000000)
 ParOldGen       total 823296K, used 571519K [0x0000000080000000, 0x00000000b2400000, 0x00000000d5580000)
  object space 823296K, 69% used [0x0000000080000000,0x00000000a2e1fed0,0x00000000b2400000)
 Metaspace       used 78166K, committed 79872K, reserved 1179648K
  class space    used 7923K, committed 8640K, reserved 1048576K
}
Event: 8725.379 GC heap after
{Heap after GC invocations=2899 (full 4):
 PSYoungGen      total 10752K, used 4640K [0x00000000d5580000, 0x00000000d6680000, 0x0000000100000000)
  eden space 5632K, 0% used [0x00000000d5580000,0x00000000d5580000,0x00000000d5b00000)
  from space 5120K, 90% used [0x00000000d5b00000,0x00000000d5f88000,0x00000000d6000000)
  to   space 5120K, 0% used [0x00000000d6180000,0x00000000d6180000,0x00000000d6680000)
 ParOldGen       total 823296K, used 576167K [0x0000000080000000, 0x00000000b2400000, 0x00000000d5580000)
  object space 823296K, 69% used [0x0000000080000000,0x00000000a32a9ed0,0x00000000b2400000)
 Metaspace       used 78166K, committed 79872K, reserved 1179648K
  class space    used 7923K, committed 8640K, reserved 1048576K
}
Event: 8725.486 GC heap before
{Heap before GC invocations=2900 (full 4):
 PSYoungGen      total 10752K, used 10044K [0x00000000d5580000, 0x00000000d6680000, 0x0000000100000000)
  eden space 5632K, 95% used [0x00000000d5580000,0x00000000d5ac73c0,0x00000000d5b00000)
  from space 5120K, 90% used [0x00000000d5b00000,0x00000000d5f88000,0x00000000d6000000)
  to   space 5120K, 0% used [0x00000000d6180000,0x00000000d6180000,0x00000000d6680000)
 ParOldGen       total 823296K, used 576167K [0x0000000080000000, 0x00000000b2400000, 0x00000000d5580000)
  object space 823296K, 69% used [0x0000000080000000,0x00000000a32a9ed0,0x00000000b2400000)
 Metaspace       used 78168K, committed 79872K, reserved 1179648K
  class space    used 7923K, committed 8640K, reserved 1048576K
}
Event: 8725.507 GC heap after
{Heap after GC invocations=2900 (full 4):
 PSYoungGen      total 9216K, used 1664K [0x00000000d5580000, 0x00000000d6380000, 0x0000000100000000)
  eden space 7168K, 0% used [0x00000000d5580000,0x00000000d5580000,0x00000000d5c80000)
  from space 2048K, 81% used [0x00000000d6180000,0x00000000d6320080,0x00000000d6380000)
  to   space 3072K, 0% used [0x00000000d5d80000,0x00000000d5d80000,0x00000000d6080000)
 ParOldGen       total 823296K, used 580743K [0x0000000080000000, 0x00000000b2400000, 0x00000000d5580000)
  object space 823296K, 70% used [0x0000000080000000,0x00000000a3721ed0,0x00000000b2400000)
 Metaspace       used 78168K, committed 79872K, reserved 1179648K
  class space    used 7923K, committed 8640K, reserved 1048576K
}
Event: 8725.532 GC heap before
{Heap before GC invocations=2901 (full 4):
 PSYoungGen      total 9216K, used 8832K [0x00000000d5580000, 0x00000000d6380000, 0x0000000100000000)
  eden space 7168K, 100% used [0x00000000d5580000,0x00000000d5c80000,0x00000000d5c80000)
  from space 2048K, 81% used [0x00000000d6180000,0x00000000d6320080,0x00000000d6380000)
  to   space 3072K, 0% used [0x00000000d5d80000,0x00000000d5d80000,0x00000000d6080000)
 ParOldGen       total 823296K, used 580743K [0x0000000080000000, 0x00000000b2400000, 0x00000000d5580000)
  object space 823296K, 70% used [0x0000000080000000,0x00000000a3721ed0,0x00000000b2400000)
 Metaspace       used 78168K, committed 79872K, reserved 1179648K
  class space    used 7923K, committed 8640K, reserved 1048576K
}
Event: 8725.554 GC heap after
{Heap after GC invocations=2901 (full 4):
 PSYoungGen      total 11264K, used 3065K [0x00000000d5580000, 0x00000000d7200000, 0x0000000100000000)
  eden space 8192K, 0% used [0x00000000d5580000,0x00000000d5580000,0x00000000d5d80000)
  from space 3072K, 99% used [0x00000000d5d80000,0x00000000d607e660,0x00000000d6080000)
  to   space 10240K, 0% used [0x00000000d6800000,0x00000000d6800000,0x00000000d7200000)
 ParOldGen       total 823296K, used 586444K [0x0000000080000000, 0x00000000b2400000, 0x00000000d5580000)
  object space 823296K, 71% used [0x0000000080000000,0x00000000a3cb3288,0x00000000b2400000)
 Metaspace       used 78168K, committed 79872K, reserved 1179648K
  class space    used 7923K, committed 8640K, reserved 1048576K
}
Event: 8725.599 GC heap before
{Heap before GC invocations=2902 (full 4):
 PSYoungGen      total 11264K, used 11224K [0x00000000d5580000, 0x00000000d7200000, 0x0000000100000000)
  eden space 8192K, 99% used [0x00000000d5580000,0x00000000d5d77d10,0x00000000d5d80000)
  from space 3072K, 99% used [0x00000000d5d80000,0x00000000d607e660,0x00000000d6080000)
  to   space 10240K, 0% used [0x00000000d6800000,0x00000000d6800000,0x00000000d7200000)
 ParOldGen       total 823296K, used 586444K [0x0000000080000000, 0x00000000b2400000, 0x00000000d5580000)
  object space 823296K, 71% used [0x0000000080000000,0x00000000a3cb3288,0x00000000b2400000)
 Metaspace       used 78169K, committed 79872K, reserved 1179648K
  class space    used 7923K, committed 8640K, reserved 1048576K
}
Event: 8725.621 GC heap after
{Heap after GC invocations=2902 (full 4):
 PSYoungGen      total 16896K, used 6304K [0x00000000d5580000, 0x00000000d6e80000, 0x0000000100000000)
  eden space 10240K, 0% used [0x00000000d5580000,0x00000000d5580000,0x00000000d5f80000)
  from space 6656K, 94% used [0x00000000d6800000,0x00000000d6e28138,0x00000000d6e80000)
  to   space 7168K, 0% used [0x00000000d6080000,0x00000000d6080000,0x00000000d6780000)
 ParOldGen       total 823296K, used 589574K [0x0000000080000000, 0x00000000b2400000, 0x00000000d5580000)
  object space 823296K, 71% used [0x0000000080000000,0x00000000a3fc18e8,0x00000000b2400000)
 Metaspace       used 78169K, committed 79872K, reserved 1179648K
  class space    used 7923K, committed 8640K, reserved 1048576K
}
Event: 8725.936 GC heap before
{Heap before GC invocations=2903 (full 4):
 PSYoungGen      total 16896K, used 16544K [0x00000000d5580000, 0x00000000d6e80000, 0x0000000100000000)
  eden space 10240K, 100% used [0x00000000d5580000,0x00000000d5f80000,0x00000000d5f80000)
  from space 6656K, 94% used [0x00000000d6800000,0x00000000d6e28138,0x00000000d6e80000)
  to   space 7168K, 0% used [0x00000000d6080000,0x00000000d6080000,0x00000000d6780000)
 ParOldGen       total 823296K, used 589574K [0x0000000080000000, 0x00000000b2400000, 0x00000000d5580000)
  object space 823296K, 71% used [0x0000000080000000,0x00000000a3fc18e8,0x00000000b2400000)
 Metaspace       used 78170K, committed 79872K, reserved 1179648K
  class space    used 7923K, committed 8640K, reserved 1048576K
}
Event: 8725.961 GC heap after
{Heap after GC invocations=2903 (full 4):
 PSYoungGen      total 18432K, used 7159K [0x00000000d5580000, 0x00000000d7f80000, 0x0000000100000000)
  eden space 11264K, 0% used [0x00000000d5580000,0x00000000d5580000,0x00000000d6080000)
  from space 7168K, 99% used [0x00000000d6080000,0x00000000d677dd10,0x00000000d6780000)
  to   space 15360K, 0% used [0x00000000d7080000,0x00000000d7080000,0x00000000d7f80000)
 ParOldGen       total 823296K, used 596264K [0x0000000080000000, 0x00000000b2400000, 0x00000000d5580000)
  object space 823296K, 72% used [0x0000000080000000,0x00000000a464a0e0,0x00000000b2400000)
 Metaspace       used 78170K, committed 79872K, reserved 1179648K
  class space    used 7923K, committed 8640K, reserved 1048576K
}
Event: 9025.922 GC heap before
{Heap before GC invocations=2904 (full 4):
 PSYoungGen      total 18432K, used 18423K [0x00000000d5580000, 0x00000000d7f80000, 0x0000000100000000)
  eden space 11264K, 100% used [0x00000000d5580000,0x00000000d6080000,0x00000000d6080000)
  from space 7168K, 99% used [0x00000000d6080000,0x00000000d677dd10,0x00000000d6780000)
  to   space 15360K, 0% used [0x00000000d7080000,0x00000000d7080000,0x00000000d7f80000)
 ParOldGen       total 823296K, used 626984K [0x0000000080000000, 0x00000000b2400000, 0x00000000d5580000)
  object space 823296K, 76% used [0x0000000080000000,0x00000000a644a110,0x00000000b2400000)
 Metaspace       used 78303K, committed 79936K, reserved 1179648K
  class space    used 7938K, committed 8640K, reserved 1048576K
}
Event: 9026.133 GC heap after
{Heap after GC invocations=2904 (full 4):
 PSYoungGen      total 14848K, used 544K [0x00000000d5580000, 0x00000000d7180000, 0x0000000100000000)
  eden space 13824K, 0% used [0x00000000d5580000,0x00000000d5580000,0x00000000d6300000)
  from space 1024K, 53% used [0x00000000d7080000,0x00000000d7108020,0x00000000d7180000)
  to   space 5632K, 0% used [0x00000000d6680000,0x00000000d6680000,0x00000000d6c00000)
 ParOldGen       total 823296K, used 627549K [0x0000000080000000, 0x00000000b2400000, 0x00000000d5580000)
  object space 823296K, 76% used [0x0000000080000000,0x00000000a64d7718,0x00000000b2400000)
 Metaspace       used 78303K, committed 79936K, reserved 1179648K
  class space    used 7938K, committed 8640K, reserved 1048576K
}

